
PLAY RECAP *****************************************************************************************
CMP-RT3-cASR1001           : ok=5    changed=4    unreachable=0    failed=0    skipped=1    rescued=0    ignored=0
FINA-RT1-cASR920-Loop0     : ok=5    changed=4    unreachable=0    failed=0    skipped=1    rescued=0    ignored=0
FOR--SW2-cMe3400           : ok=5    changed=4    unreachable=0    failed=0    skipped=1    rescued=0    ignored=0
InstHema-RT1-FO            : ok=5    changed=4    unreachable=0    failed=0    skipped=1    rescued=0    ignored=0
KAR--SW1-cMe3400           : ok=5    changed=4    unreachable=0    failed=0    skipped=1    rescued=0    ignored=0
KAW--SW1-cMe3400           : ok=5    changed=4    unreachable=0    failed=0    skipped=1    rescued=0    ignored=0
LAND-RT2-c1941-L0          : ok=5    changed=4    unreachable=0    failed=0    skipped=1    rescued=0    ignored=0
LAND-SW1-c3400-12CS        : ok=5    changed=4    unreachable=0    failed=0    skipped=1    rescued=0    ignored=0
LAND-SW5-c3560G            : ok=5    changed=4    unreachable=0    failed=0    skipped=1    rescued=0    ignored=0
LIM--RT2-c2811_hsec        : ok=5    changed=4    unreachable=0    failed=0    skipped=1    rescued=0    ignored=0
LINX-RT1-cASR1002          : ok=5    changed=4    unreachable=0    failed=0    skipped=1    rescued=0    ignored=0
LINX-RT10-cASR1002-2       : ok=5    changed=4    unreachable=0    failed=0    skipped=1    rescued=0    ignored=0
LINX-RT11                  : ok=5    changed=4    unreachable=0    failed=0    skipped=1    rescued=0    ignored=0
LINX-RT13-cASR920-24SZIM-L0 : ok=5    changed=4    unreachable=0    failed=0    skipped=1    rescued=0    ignored=0
LINX-RT14-cASR1001X        : ok=5    changed=4    unreachable=0    failed=0    skipped=1    rescued=0    ignored=0
LINX-RT15-c7204_loop2k     : ok=5    changed=4    unreachable=0    failed=0    skipped=1    rescued=0    ignored=0
LINX-RT16-c7204-MPWiK-mpls : ok=5    changed=4    unreachable=0    failed=0    skipped=1    rescued=0    ignored=0
LINX-RT17-cASR920-12SZ-D-L0 : ok=5    changed=4    unreachable=0    failed=0    skipped=1    rescued=0    ignored=0
LINX-RT18-c1941            : ok=5    changed=4    unreachable=0    failed=0    skipped=1    rescued=0    ignored=0
LINX-RT2-c2811_APN-Orange  : ok=5    changed=4    unreachable=0    failed=0    skipped=1    rescued=0    ignored=0
LINX-RT3-c2811_APN_PLUS    : ok=5    changed=4    unreachable=0    failed=0    skipped=1    rescued=0    ignored=0
LINX-RT4-c2811_PKOBP       : ok=4    changed=3    unreachable=0    failed=1    skipped=1    rescued=0    ignored=0
LINX-RT6-c2811_leg_cisco   : ok=5    changed=4    unreachable=0    failed=0    skipped=1    rescued=0    ignored=0
LINX-RT7-c2811_gsm_cisco   : ok=0    changed=0    unreachable=0    failed=1    skipped=0    rescued=0    ignored=0
LINX-SW1-cMe3600X          : ok=5    changed=4    unreachable=0    failed=0    skipped=1    rescued=0    ignored=0
LINX-SW2-cME3400           : ok=5    changed=4    unreachable=0    failed=0    skipped=1    rescued=0    ignored=0
LINX-SW6-cMe3600X          : ok=5    changed=4    unreachable=0    failed=0    skipped=1    rescued=0    ignored=0
LINX-SW7-c4900_loop2k      : ok=5    changed=4    unreachable=0    failed=0    skipped=1    rescued=0    ignored=0
LINX2-RT12-c1941-L0        : ok=5    changed=4    unreachable=0    failed=0    skipped=1    rescued=0    ignored=0
MAN-SW2-c2650G_Wolica      : ok=5    changed=4    unreachable=0    failed=0    skipped=1    rescued=0    ignored=0
MSZCZ-SW1                  : ok=5    changed=4    unreachable=0    failed=0    skipped=1    rescued=0    ignored=0
ODR--RT1-c1921             : ok=5    changed=4    unreachable=0    failed=0    skipped=1    rescued=0    ignored=0
ODR--RT2-dla-nt.pagi.pl    : ok=5    changed=4    unreachable=0    failed=0    skipped=1    rescued=0    ignored=0
ODR--RT3-cASR920_Lo        : ok=5    changed=4    unreachable=0    failed=0    skipped=1    rescued=0    ignored=0
ODR--RT4                   : ok=5    changed=4    unreachable=0    failed=0    skipped=1    rescued=0    ignored=0
ODR--SW2-c2950_biuro       : ok=5    changed=4    unreachable=0    failed=0    skipped=1    rescued=0    ignored=0
PIAS-SW1-cME3400           : ok=5    changed=4    unreachable=0    failed=0    skipped=1    rescued=0    ignored=0
PIK11-RT1-cASR920-L0       : ok=5    changed=4    unreachable=0    failed=0    skipped=1    rescued=0    ignored=0
PIK11-RT2-cASR1001         : ok=5    changed=4    unreachable=0    failed=0    skipped=1    rescued=0    ignored=0
PRU--SW1-cMe3400           : ok=5    changed=4    unreachable=0    failed=0    skipped=1    rescued=0    ignored=0
PRU2-SW1-cMe3400           : ok=5    changed=4    unreachable=0    failed=0    skipped=1    rescued=0    ignored=0
WOL--RT1-c2811-L0          : ok=5    changed=4    unreachable=0    failed=0    skipped=1    rescued=0    ignored=0
WOL--SW1-cME3400           : ok=5    changed=4    unreachable=0    failed=0    skipped=1    rescued=0    ignored=0
ZERA-SW1-c3400-12CS        : ok=5    changed=4    unreachable=0    failed=0    skipped=1    rescued=0    ignored=0
ZERA-SW2-c3400             : ok=5    changed=4    unreachable=0    failed=0    skipped=1    rescued=0    ignored=0
ZTM-WKM-RT1_inet_L0        : ok=5    changed=4    unreachable=0    failed=0    skipped=1    rescued=0    ignored=0
cmp-rt-goclaw              : ok=5    changed=4    unreachable=0    failed=0    skipped=1    rescued=0    ignored=0
cmp-rt-lomianki-l2k        : ok=5    changed=4    unreachable=0    failed=0    skipped=1    rescued=0    ignored=0
cmp-rt-pawia-l2k           : ok=5    changed=4    unreachable=0    failed=0    skipped=1    rescued=0    ignored=0
cmp-rt-pias-jp2-l2k        : ok=0    changed=0    unreachable=0    failed=1    skipped=0    rescued=0    ignored=0
cmp-rt4                    : ok=5    changed=4    unreachable=0    failed=0    skipped=1    rescued=0    ignored=0
cmp-sw-bialoleka           : ok=5    changed=4    unreachable=0    failed=0    skipped=1    rescued=0    ignored=0
cmp-sw-bialoleka2          : ok=5    changed=4    unreachable=0    failed=0    skipped=1    rescued=0    ignored=0
cmp-sw-chmielna            : ok=5    changed=4    unreachable=0    failed=0    skipped=1    rescued=0    ignored=0
cmp-sw-goclaw              : ok=0    changed=0    unreachable=0    failed=1    skipped=0    rescued=0    ignored=0
cmp-sw-jozefoslaw          : ok=5    changed=4    unreachable=0    failed=0    skipped=1    rescued=0    ignored=0
cmp-sw-lomianki            : ok=5    changed=4    unreachable=0    failed=0    skipped=1    rescued=0    ignored=0
cmp-sw-marianska           : ok=5    changed=4    unreachable=0    failed=0    skipped=1    rescued=0    ignored=0
cmp-sw-ochota              : ok=5    changed=4    unreachable=0    failed=0    skipped=1    rescued=0    ignored=0
cmp-sw-pawia               : ok=5    changed=4    unreachable=0    failed=0    skipped=1    rescued=0    ignored=0
cmp-sw-pias-jp2            : ok=0    changed=0    unreachable=0    failed=1    skipped=0    rescued=0    ignored=0
cmp-sw-ursynow             : ok=5    changed=4    unreachable=0    failed=0    skipped=1    rescued=0    ignored=0
cmp-sw-wilanow             : ok=5    changed=4    unreachable=0    failed=0    skipped=1    rescued=0    ignored=0
cmp-sw-wola                : ok=5    changed=4    unreachable=0    failed=0    skipped=1    rescued=0    ignored=0
cmp-sw-wola2               : ok=0    changed=0    unreachable=0    failed=1    skipped=0    rescued=0    ignored=0
cmp-sw-zoliborz            : ok=5    changed=4    unreachable=0    failed=0    skipped=1    rescued=0    ignored=0
cmp-sw3-l2k                : ok=5    changed=4    unreachable=0    failed=0    skipped=1    rescued=0    ignored=0
cmp-sw4-l2k                : ok=5    changed=4    unreachable=0    failed=0    skipped=1    rescued=0    ignored=0
cmp-sw9-c3560G-wisniowa    : ok=5    changed=4    unreachable=0    failed=0    skipped=1    rescued=0    ignored=0
fina-sw-chelmska           : ok=5    changed=4    unreachable=0    failed=0    skipped=1    rescued=0    ignored=0
fina-sw-lodz               : ok=5    changed=4    unreachable=0    failed=0    skipped=1    rescued=0    ignored=0
fina-sw-narbutta           : ok=5    changed=4    unreachable=0    failed=0    skipped=1    rescued=0    ignored=0
fina-sw-pulawska           : ok=5    changed=4    unreachable=0    failed=0    skipped=1    rescued=0    ignored=0
fina-sw-walbrzyska6        : ok=5    changed=4    unreachable=0    failed=0    skipped=1    rescued=0    ignored=0
grodno-sw-waflowa          : ok=5    changed=4    unreachable=0    failed=0    skipped=1    rescued=0    ignored=0
hexaware-sw                : ok=5    changed=4    unreachable=0    failed=0    skipped=1    rescued=0    ignored=0
kaw--rtpe1                 : ok=5    changed=4    unreachable=0    failed=0    skipped=1    rescued=0    ignored=0
mago-rt                    : ok=5    changed=4    unreachable=0    failed=0    skipped=1    rescued=0    ignored=0
mgt-kaw                    : ok=5    changed=4    unreachable=0    failed=0    skipped=1    rescued=0    ignored=0
mgt-rem                    : ok=5    changed=4    unreachable=0    failed=0    skipped=1    rescued=0    ignored=0
mpwik-rtpe-czerniakowska   : ok=5    changed=4    unreachable=0    failed=0    skipped=1    rescued=0    ignored=0
mpwik-rtpe-pruszkow        : ok=5    changed=4    unreachable=0    failed=0    skipped=1    rescued=0    ignored=0
mpwik-rtpe-syta            : ok=5    changed=4    unreachable=0    failed=0    skipped=1    rescued=0    ignored=0
mpwik-rtpe-wieliszew       : ok=5    changed=4    unreachable=0    failed=0    skipped=1    rescued=0    ignored=0
mpwik-sw-czajki            : ok=5    changed=4    unreachable=0    failed=0    skipped=1    rescued=0    ignored=0
mpwik-sw-debe              : ok=5    changed=4    unreachable=0    failed=0    skipped=1    rescued=0    ignored=0
mpwik-sw-falenica          : ok=5    changed=4    unreachable=0    failed=0    skipped=1    rescued=0    ignored=0
mpwik-sw-jachranka         : ok=5    changed=4    unreachable=0    failed=0    skipped=1    rescued=0    ignored=0
mpwik-sw-pruszkow          : ok=5    changed=4    unreachable=0    failed=0    skipped=1    rescued=0    ignored=0
mpwik-sw-radosc            : ok=5    changed=4    unreachable=0    failed=0    skipped=1    rescued=0    ignored=0
mpwik-sw-stara-milosna     : ok=5    changed=4    unreachable=0    failed=0    skipped=1    rescued=0    ignored=0
mpwik-sw-starynkiewicza    : ok=5    changed=4    unreachable=0    failed=0    skipped=1    rescued=0    ignored=0
mpwik-sw-syta              : ok=5    changed=4    unreachable=0    failed=0    skipped=1    rescued=0    ignored=0
mpwik-sw-wieliszew         : ok=5    changed=4    unreachable=0    failed=0    skipped=1    rescued=0    ignored=0
mpwik-sw2-czerniakowska    : ok=5    changed=4    unreachable=0    failed=0    skipped=1    rescued=0    ignored=0
pias-sw1-pik               : ok=5    changed=4    unreachable=0    failed=0    skipped=1    rescued=0    ignored=0
pik11-rt3-c7200-PKOBP      : ok=5    changed=4    unreachable=0    failed=0    skipped=1    rescued=0    ignored=0
pik11-rt4-c7200-apnOrange  : ok=5    changed=4    unreachable=0    failed=0    skipped=1    rescued=0    ignored=0
pik11-rt5-mgt              : ok=5    changed=4    unreachable=0    failed=0    skipped=1    rescued=0    ignored=0
pik11-sw1-cme3600          : ok=5    changed=4    unreachable=0    failed=0    skipped=1    rescued=0    ignored=0
pik11-sw2-c4900            : ok=5    changed=4    unreachable=0    failed=0    skipped=1    rescued=0    ignored=0
pru2-rtpe1                 : ok=5    changed=4    unreachable=0    failed=0    skipped=1    rescued=0    ignored=0
rt-km-soch-vlan1           : ok=5    changed=4    unreachable=0    failed=0    skipped=1    rescued=0    ignored=0
rt-millymally              : ok=5    changed=4    unreachable=0    failed=0    skipped=1    rescued=0    ignored=0
sw-mazowia                 : ok=5    changed=4    unreachable=0    failed=0    skipped=1    rescued=0    ignored=0
ztm-sw-anin                : ok=5    changed=4    unreachable=0    failed=0    skipped=1    rescued=0    ignored=0
ztm-sw-dw-wschodni         : ok=5    changed=4    unreachable=0    failed=0    skipped=1    rescued=0    ignored=0
ztm-sw-krakowska           : ok=5    changed=4    unreachable=0    failed=0    skipped=1    rescued=0    ignored=0
ztm-sw-marymont            : ok=5    changed=4    unreachable=0    failed=0    skipped=1    rescued=0    ignored=0
ztm-sw-polczynska          : ok=5    changed=4    unreachable=0    failed=0    skipped=1    rescued=0    ignored=0
ztm-sw-stoklosy            : ok=5    changed=4    unreachable=0    failed=0    skipped=1    rescued=0    ignored=0
ztm-sw-ursus               : ok=5    changed=4    unreachable=0    failed=0    skipped=1    rescued=0    ignored=0
ztm-sw-ursynow             : ok=5    changed=4    unreachable=0    failed=0    skipped=1    rescued=0    ignored=0
ztm-sw-wawer               : ok=5    changed=4    unreachable=0    failed=0    skipped=1    rescued=0    ignored=0
ztm-sw-wilanowska          : ok=5    changed=4    unreachable=0    failed=0    skipped=1    rescued=0    ignored=0
ztm-wkm-sw1                : ok=3    changed=2    unreachable=0    failed=1    skipped=1    rescued=0    ignored=0
ztm-wkm-sw2                : ok=3    changed=2    unreachable=0    failed=1    skipped=1    rescued=0    ignored=0
ztm-wkm-sw3                : ok=3    changed=2    unreachable=0    failed=1    skipped=1    rescued=0    ignored=0

Wednesday 30 September 2020  16:05:55 +0200 (0:00:15.137)       0:32:37.544 ***
=